<?xml version="1.0" encoding="UTF-8"?>
<coverage generated="1695392418005" clover="3.2.0">
  <project timestamp="1695392418006" name="All files">
    <metrics statements="80" coveredstatements="77" conditionals="39" coveredconditionals="36" methods="18" coveredmethods="18" elements="137" coveredelements="131" complexity="0" loc="80" ncloc="80" packages="2" files="7" classes="7"/>
    <package name="src">
      <metrics statements="30" coveredstatements="29" conditionals="15" coveredconditionals="14" methods="6" coveredmethods="6"/>
      <file name="findDiff.js" path="/root/frontend-project-46/src/findDiff.js">
        <metrics statements="15" coveredstatements="15" conditionals="10" coveredconditionals="10" methods="2" coveredmethods="2"/>
        <line num="3" count="1" type="stmt"/>
        <line num="4" count="20" type="stmt"/>
        <line num="6" count="20" type="stmt"/>
        <line num="7" count="72" type="stmt"/>
        <line num="8" count="72" type="stmt"/>
        <line num="10" count="72" type="cond" truecount="2" falsecount="0"/>
        <line num="11" count="20" type="stmt"/>
        <line num="13" count="52" type="cond" truecount="2" falsecount="0"/>
        <line num="14" count="8" type="stmt"/>
        <line num="16" count="44" type="cond" truecount="4" falsecount="0"/>
        <line num="17" count="16" type="stmt"/>
        <line num="20" count="28" type="cond" truecount="2" falsecount="0"/>
        <line num="21" count="16" type="stmt"/>
        <line num="28" count="12" type="stmt"/>
        <line num="31" count="20" type="stmt"/>
      </file>
      <file name="gendiff1.js" path="/root/frontend-project-46/src/gendiff1.js">
        <metrics statements="10" coveredstatements="10" conditionals="1" coveredconditionals="1" methods="3" coveredmethods="3"/>
        <line num="7" count="8" type="stmt"/>
        <line num="8" count="8" type="stmt"/>
        <line num="10" count="1" type="cond" truecount="1" falsecount="0"/>
        <line num="11" count="4" type="stmt"/>
        <line num="12" count="4" type="stmt"/>
        <line num="13" count="4" type="stmt"/>
        <line num="14" count="4" type="stmt"/>
        <line num="15" count="4" type="stmt"/>
        <line num="16" count="4" type="stmt"/>
        <line num="17" count="4" type="stmt"/>
      </file>
      <file name="parse.js" path="/root/frontend-project-46/src/parse.js">
        <metrics statements="5" coveredstatements="4" conditionals="4" coveredconditionals="3" methods="1" coveredmethods="1"/>
        <line num="3" count="1" type="stmt"/>
        <line num="4" count="8" type="cond" truecount="3" falsecount="1"/>
        <line num="6" count="2" type="stmt"/>
        <line num="9" count="6" type="stmt"/>
        <line num="10" count="0" type="stmt"/>
      </file>
    </package>
    <package name="src.formatters">
      <metrics statements="50" coveredstatements="48" conditionals="24" coveredconditionals="22" methods="12" coveredmethods="12"/>
      <file name="index.js" path="/root/frontend-project-46/src/formatters/index.js">
        <metrics statements="5" coveredstatements="4" conditionals="2" coveredconditionals="1" methods="1" coveredmethods="1"/>
        <line num="5" count="1" type="stmt"/>
        <line num="6" count="1" type="stmt"/>
        <line num="7" count="4" type="cond" truecount="1" falsecount="1"/>
        <line num="8" count="4" type="stmt"/>
        <line num="10" count="0" type="stmt"/>
      </file>
      <file name="json.js" path="/root/frontend-project-46/src/formatters/json.js">
        <metrics statements="1" coveredstatements="1" conditionals="0" coveredconditionals="0" methods="1" coveredmethods="1"/>
        <line num="1" count="1" type="stmt"/>
      </file>
      <file name="plain.js" path="/root/frontend-project-46/src/formatters/plain.js">
        <metrics statements="15" coveredstatements="14" conditionals="11" coveredconditionals="10" methods="3" coveredmethods="3"/>
        <line num="3" count="1" type="stmt"/>
        <line num="4" count="13" type="cond" truecount="2" falsecount="0"/>
        <line num="5" count="3" type="stmt"/>
        <line num="7" count="10" type="cond" truecount="2" falsecount="0"/>
        <line num="10" count="1" type="cond" truecount="1" falsecount="0"/>
        <line num="11" count="5" type="stmt"/>
        <line num="12" count="18" type="stmt"/>
        <line num="13" count="18" type="cond" truecount="5" falsecount="1"/>
        <line num="15" count="5" type="stmt"/>
        <line num="19" count="4" type="stmt"/>
        <line num="21" count="2" type="stmt"/>
        <line num="23" count="4" type="stmt"/>
        <line num="25" count="3" type="stmt"/>
        <line num="27" count="0" type="stmt"/>
        <line num="31" count="5" type="stmt"/>
      </file>
      <file name="stylish.js" path="/root/frontend-project-46/src/formatters/stylish.js">
        <metrics statements="29" coveredstatements="29" conditionals="11" coveredconditionals="11" methods="7" coveredmethods="7"/>
        <line num="3" count="1" type="stmt"/>
        <line num="4" count="1" type="stmt"/>
        <line num="6" count="68" type="stmt"/>
        <line num="7" count="10" type="stmt"/>
        <line num="9" count="1" type="stmt"/>
        <line num="10" count="54" type="cond" truecount="2" falsecount="0"/>
        <line num="11" count="40" type="stmt"/>
        <line num="13" count="14" type="stmt"/>
        <line num="14" count="18" type="stmt"/>
        <line num="15" count="14" type="stmt"/>
        <line num="18" count="1" type="stmt"/>
        <line num="19" count="2" type="cond" truecount="1" falsecount="0"/>
        <line num="20" count="10" type="stmt"/>
        <line num="21" count="36" type="stmt"/>
        <line num="22" count="36" type="stmt"/>
        <line num="23" count="36" type="cond" truecount="2" falsecount="0"/>
        <line num="24" count="4" type="stmt"/>
        <line num="26" count="32" type="cond" truecount="2" falsecount="0"/>
        <line num="27" count="10" type="stmt"/>
        <line num="29" count="22" type="cond" truecount="2" falsecount="0"/>
        <line num="30" count="8" type="stmt"/>
        <line num="32" count="14" type="cond" truecount="2" falsecount="0"/>
        <line num="33" count="8" type="stmt"/>
        <line num="34" count="8" type="stmt"/>
        <line num="35" count="8" type="stmt"/>
        <line num="37" count="6" type="stmt"/>
        <line num="39" count="10" type="stmt"/>
        <line num="40" count="10" type="stmt"/>
        <line num="42" count="2" type="stmt"/>
      </file>
    </package>
  </project>
</coverage>
