{"/root/frontend-project-46/src/findDiff.js": {"path":"/root/frontend-project-46/src/findDiff.js","statementMap":{"0":{"start":{"line":3,"column":17},"end":{"line":32,"column":1}},"1":{"start":{"line":4,"column":15},"end":{"line":4,"column":79}},"2":{"start":{"line":6,"column":17},"end":{"line":29,"column":4}},"3":{"start":{"line":7,"column":18},"end":{"line":7,"column":28}},"4":{"start":{"line":8,"column":18},"end":{"line":8,"column":28}},"5":{"start":{"line":10,"column":4},"end":{"line":12,"column":5}},"6":{"start":{"line":11,"column":6},"end":{"line":11,"column":52}},"7":{"start":{"line":13,"column":4},"end":{"line":15,"column":5}},"8":{"start":{"line":14,"column":6},"end":{"line":14,"column":54}},"9":{"start":{"line":16,"column":4},"end":{"line":18,"column":5}},"10":{"start":{"line":17,"column":6},"end":{"line":17,"column":73}},"11":{"start":{"line":20,"column":4},"end":{"line":27,"column":5}},"12":{"start":{"line":21,"column":6},"end":{"line":26,"column":8}},"13":{"start":{"line":28,"column":4},"end":{"line":28,"column":54}},"14":{"start":{"line":31,"column":2},"end":{"line":31,"column":16}}},"fnMap":{"0":{"name":"(anonymous_0)","decl":{"start":{"line":3,"column":17},"end":{"line":3,"column":18}},"loc":{"start":{"line":3,"column":35},"end":{"line":32,"column":1}},"line":3},"1":{"name":"(anonymous_1)","decl":{"start":{"line":6,"column":26},"end":{"line":6,"column":27}},"loc":{"start":{"line":6,"column":35},"end":{"line":29,"column":3}},"line":6}},"branchMap":{"0":{"loc":{"start":{"line":10,"column":4},"end":{"line":12,"column":5}},"type":"if","locations":[{"start":{"line":10,"column":4},"end":{"line":12,"column":5}},{"start":{},"end":{}}],"line":10},"1":{"loc":{"start":{"line":13,"column":4},"end":{"line":15,"column":5}},"type":"if","locations":[{"start":{"line":13,"column":4},"end":{"line":15,"column":5}},{"start":{},"end":{}}],"line":13},"2":{"loc":{"start":{"line":16,"column":4},"end":{"line":18,"column":5}},"type":"if","locations":[{"start":{"line":16,"column":4},"end":{"line":18,"column":5}},{"start":{},"end":{}}],"line":16},"3":{"loc":{"start":{"line":16,"column":8},"end":{"line":16,"column":56}},"type":"binary-expr","locations":[{"start":{"line":16,"column":8},"end":{"line":16,"column":30}},{"start":{"line":16,"column":34},"end":{"line":16,"column":56}}],"line":16},"4":{"loc":{"start":{"line":20,"column":4},"end":{"line":27,"column":5}},"type":"if","locations":[{"start":{"line":20,"column":4},"end":{"line":27,"column":5}},{"start":{},"end":{}}],"line":20}},"s":{"0":1,"1":20,"2":20,"3":72,"4":72,"5":72,"6":20,"7":52,"8":8,"9":44,"10":16,"11":28,"12":16,"13":12,"14":20},"f":{"0":20,"1":72},"b":{"0":[20,52],"1":[8,44],"2":[16,28],"3":[44,20],"4":[16,12]},"_coverageSchema":"1a1c01bbd47fc00a2c39e90264f33305004495a9","hash":"c88d0a424d398c596ed1bc0427cf02edf0226be0"}
,"/root/frontend-project-46/src/gendiff1.js": {"path":"/root/frontend-project-46/src/gendiff1.js","statementMap":{"0":{"start":{"line":7,"column":19},"end":{"line":7,"column":57}},"1":{"start":{"line":7,"column":30},"end":{"line":7,"column":57}},"2":{"start":{"line":8,"column":16},"end":{"line":8,"column":61}},"3":{"start":{"line":8,"column":27},"end":{"line":8,"column":61}},"4":{"start":{"line":10,"column":16},"end":{"line":18,"column":1}},"5":{"start":{"line":11,"column":19},"end":{"line":11,"column":47}},"6":{"start":{"line":12,"column":19},"end":{"line":12,"column":47}},"7":{"start":{"line":13,"column":20},"end":{"line":13,"column":34}},"8":{"start":{"line":14,"column":20},"end":{"line":14,"column":34}},"9":{"start":{"line":15,"column":16},"end":{"line":15,"column":61}},"10":{"start":{"line":16,"column":16},"end":{"line":16,"column":61}},"11":{"start":{"line":17,"column":2},"end":{"line":17,"column":55}}},"fnMap":{"0":{"name":"(anonymous_0)","decl":{"start":{"line":7,"column":19},"end":{"line":7,"column":20}},"loc":{"start":{"line":7,"column":30},"end":{"line":7,"column":57}},"line":7},"1":{"name":"(anonymous_1)","decl":{"start":{"line":8,"column":16},"end":{"line":8,"column":17}},"loc":{"start":{"line":8,"column":27},"end":{"line":8,"column":61}},"line":8},"2":{"name":"(anonymous_2)","decl":{"start":{"line":10,"column":16},"end":{"line":10,"column":17}},"loc":{"start":{"line":10,"column":58},"end":{"line":18,"column":1}},"line":10}},"branchMap":{"0":{"loc":{"start":{"line":10,"column":31},"end":{"line":10,"column":53}},"type":"default-arg","locations":[{"start":{"line":10,"column":44},"end":{"line":10,"column":53}}],"line":10}},"s":{"0":1,"1":8,"2":1,"3":8,"4":1,"5":4,"6":4,"7":4,"8":4,"9":4,"10":4,"11":4},"f":{"0":8,"1":8,"2":4},"b":{"0":[2]},"_coverageSchema":"1a1c01bbd47fc00a2c39e90264f33305004495a9","hash":"6af1115d755d41051eddf6c01af2fd81e6e86283"}
,"/root/frontend-project-46/src/parse.js": {"path":"/root/frontend-project-46/src/parse.js","statementMap":{"0":{"start":{"line":3,"column":21},"end":{"line":12,"column":1}},"1":{"start":{"line":4,"column":2},"end":{"line":11,"column":3}},"2":{"start":{"line":6,"column":6},"end":{"line":6,"column":30}},"3":{"start":{"line":9,"column":6},"end":{"line":9,"column":29}},"4":{"start":{"line":10,"column":13},"end":{"line":10,"column":93}}},"fnMap":{"0":{"name":"(anonymous_0)","decl":{"start":{"line":3,"column":21},"end":{"line":3,"column":22}},"loc":{"start":{"line":3,"column":39},"end":{"line":12,"column":1}},"line":3}},"branchMap":{"0":{"loc":{"start":{"line":4,"column":2},"end":{"line":11,"column":3}},"type":"switch","locations":[{"start":{"line":5,"column":4},"end":{"line":6,"column":30}},{"start":{"line":7,"column":4},"end":{"line":7,"column":15}},{"start":{"line":8,"column":4},"end":{"line":9,"column":29}},{"start":{"line":10,"column":4},"end":{"line":10,"column":93}}],"line":4}},"s":{"0":1,"1":8,"2":2,"3":6,"4":0},"f":{"0":8},"b":{"0":[2,6,6,0]},"_coverageSchema":"1a1c01bbd47fc00a2c39e90264f33305004495a9","hash":"b912c84bd86ac35a9576d42684cc302e54eb80e6"}
,"/root/frontend-project-46/src/formatters/index.js": {"path":"/root/frontend-project-46/src/formatters/index.js","statementMap":{"0":{"start":{"line":5,"column":19},"end":{"line":5,"column":43}},"1":{"start":{"line":6,"column":18},"end":{"line":11,"column":1}},"2":{"start":{"line":7,"column":2},"end":{"line":9,"column":3}},"3":{"start":{"line":8,"column":4},"end":{"line":8,"column":43}},"4":{"start":{"line":10,"column":2},"end":{"line":10,"column":56}}},"fnMap":{"0":{"name":"(anonymous_0)","decl":{"start":{"line":6,"column":18},"end":{"line":6,"column":19}},"loc":{"start":{"line":6,"column":43},"end":{"line":11,"column":1}},"line":6}},"branchMap":{"0":{"loc":{"start":{"line":7,"column":2},"end":{"line":9,"column":3}},"type":"if","locations":[{"start":{"line":7,"column":2},"end":{"line":9,"column":3}},{"start":{},"end":{}}],"line":7}},"s":{"0":1,"1":1,"2":4,"3":4,"4":0},"f":{"0":4},"b":{"0":[4,0]},"_coverageSchema":"1a1c01bbd47fc00a2c39e90264f33305004495a9","hash":"c31b473ceb431d40221ec61374a263236d99d37b"}
,"/root/frontend-project-46/src/formatters/json.js": {"path":"/root/frontend-project-46/src/formatters/json.js","statementMap":{"0":{"start":{"line":1,"column":25},"end":{"line":1,"column":45}}},"fnMap":{"0":{"name":"(anonymous_0)","decl":{"start":{"line":1,"column":15},"end":{"line":1,"column":16}},"loc":{"start":{"line":1,"column":25},"end":{"line":1,"column":45}},"line":1}},"branchMap":{},"s":{"0":1},"f":{"0":1},"b":{},"_coverageSchema":"1a1c01bbd47fc00a2c39e90264f33305004495a9","hash":"fbf3eea3776deac8aed561d0e099d06ed2915e19"}
,"/root/frontend-project-46/src/formatters/plain.js": {"path":"/root/frontend-project-46/src/formatters/plain.js","statementMap":{"0":{"start":{"line":3,"column":19},"end":{"line":8,"column":1}},"1":{"start":{"line":4,"column":2},"end":{"line":6,"column":3}},"2":{"start":{"line":5,"column":4},"end":{"line":5,"column":29}},"3":{"start":{"line":7,"column":2},"end":{"line":7,"column":64}},"4":{"start":{"line":10,"column":14},"end":{"line":32,"column":1}},"5":{"start":{"line":11,"column":17},"end":{"line":29,"column":8}},"6":{"start":{"line":12,"column":17},"end":{"line":12,"column":34}},"7":{"start":{"line":13,"column":4},"end":{"line":28,"column":5}},"8":{"start":{"line":15,"column":8},"end":{"line":17,"column":13}},"9":{"start":{"line":19,"column":8},"end":{"line":19,"column":51}},"10":{"start":{"line":21,"column":8},"end":{"line":21,"column":68}},"11":{"start":{"line":23,"column":8},"end":{"line":23,"column":129}},"12":{"start":{"line":25,"column":8},"end":{"line":25,"column":19}},"13":{"start":{"line":27,"column":8},"end":{"line":27,"column":18}},"14":{"start":{"line":31,"column":2},"end":{"line":31,"column":27}}},"fnMap":{"0":{"name":"(anonymous_0)","decl":{"start":{"line":3,"column":19},"end":{"line":3,"column":20}},"loc":{"start":{"line":3,"column":32},"end":{"line":8,"column":1}},"line":3},"1":{"name":"(anonymous_1)","decl":{"start":{"line":10,"column":14},"end":{"line":10,"column":15}},"loc":{"start":{"line":10,"column":34},"end":{"line":32,"column":1}},"line":10},"2":{"name":"(anonymous_2)","decl":{"start":{"line":11,"column":29},"end":{"line":11,"column":30}},"loc":{"start":{"line":11,"column":43},"end":{"line":29,"column":3}},"line":11}},"branchMap":{"0":{"loc":{"start":{"line":4,"column":2},"end":{"line":6,"column":3}},"type":"if","locations":[{"start":{"line":4,"column":2},"end":{"line":6,"column":3}},{"start":{},"end":{}}],"line":4},"1":{"loc":{"start":{"line":7,"column":9},"end":{"line":7,"column":63}},"type":"cond-expr","locations":[{"start":{"line":7,"column":31},"end":{"line":7,"column":45}},{"start":{"line":7,"column":48},"end":{"line":7,"column":63}}],"line":7},"2":{"loc":{"start":{"line":10,"column":21},"end":{"line":10,"column":29}},"type":"default-arg","locations":[{"start":{"line":10,"column":27},"end":{"line":10,"column":29}}],"line":10},"3":{"loc":{"start":{"line":13,"column":4},"end":{"line":28,"column":5}},"type":"switch","locations":[{"start":{"line":14,"column":6},"end":{"line":17,"column":13}},{"start":{"line":18,"column":6},"end":{"line":19,"column":51}},{"start":{"line":20,"column":6},"end":{"line":21,"column":68}},{"start":{"line":22,"column":6},"end":{"line":23,"column":129}},{"start":{"line":24,"column":6},"end":{"line":25,"column":19}},{"start":{"line":26,"column":6},"end":{"line":27,"column":18}}],"line":13}},"s":{"0":1,"1":13,"2":3,"3":10,"4":1,"5":5,"6":18,"7":18,"8":5,"9":4,"10":2,"11":4,"12":3,"13":0,"14":5},"f":{"0":13,"1":5,"2":18},"b":{"0":[3,10],"1":[7,3],"2":[1],"3":[5,4,2,4,3,0]},"_coverageSchema":"1a1c01bbd47fc00a2c39e90264f33305004495a9","hash":"055d7b8b2316546e3408cce50f5b95a85ba95faf"}
,"/root/frontend-project-46/src/formatters/stylish.js": {"path":"/root/frontend-project-46/src/formatters/stylish.js","statementMap":{"0":{"start":{"line":3,"column":17},"end":{"line":3,"column":20}},"1":{"start":{"line":4,"column":20},"end":{"line":4,"column":21}},"2":{"start":{"line":6,"column":18},"end":{"line":6,"column":69}},"3":{"start":{"line":6,"column":29},"end":{"line":6,"column":69}},"4":{"start":{"line":7,"column":19},"end":{"line":7,"column":70}},"5":{"start":{"line":7,"column":30},"end":{"line":7,"column":70}},"6":{"start":{"line":9,"column":20},"end":{"line":16,"column":1}},"7":{"start":{"line":10,"column":2},"end":{"line":12,"column":3}},"8":{"start":{"line":11,"column":4},"end":{"line":11,"column":24}},"9":{"start":{"line":13,"column":18},"end":{"line":13,"column":38}},"10":{"start":{"line":14,"column":17},"end":{"line":14,"column":115}},"11":{"start":{"line":14,"column":47},"end":{"line":14,"column":114}},"12":{"start":{"line":15,"column":2},"end":{"line":15,"column":59}},"13":{"start":{"line":18,"column":16},"end":{"line":43,"column":1}},"14":{"start":{"line":19,"column":15},"end":{"line":41,"column":3}},"15":{"start":{"line":20,"column":19},"end":{"line":38,"column":6}},"16":{"start":{"line":21,"column":21},"end":{"line":21,"column":37}},"17":{"start":{"line":22,"column":25},"end":{"line":22,"column":29}},"18":{"start":{"line":23,"column":6},"end":{"line":25,"column":7}},"19":{"start":{"line":24,"column":8},"end":{"line":24,"column":75}},"20":{"start":{"line":26,"column":6},"end":{"line":28,"column":7}},"21":{"start":{"line":27,"column":8},"end":{"line":27,"column":75}},"22":{"start":{"line":29,"column":6},"end":{"line":31,"column":7}},"23":{"start":{"line":30,"column":8},"end":{"line":30,"column":75}},"24":{"start":{"line":32,"column":6},"end":{"line":36,"column":7}},"25":{"start":{"line":33,"column":20},"end":{"line":33,"column":80}},"26":{"start":{"line":34,"column":20},"end":{"line":34,"column":80}},"27":{"start":{"line":35,"column":8},"end":{"line":35,"column":32}},"28":{"start":{"line":37,"column":6},"end":{"line":37,"column":73}},"29":{"start":{"line":39,"column":19},"end":{"line":39,"column":36}},"30":{"start":{"line":40,"column":4},"end":{"line":40,"column":49}},"31":{"start":{"line":42,"column":2},"end":{"line":42,"column":20}}},"fnMap":{"0":{"name":"(anonymous_0)","decl":{"start":{"line":6,"column":18},"end":{"line":6,"column":19}},"loc":{"start":{"line":6,"column":29},"end":{"line":6,"column":69}},"line":6},"1":{"name":"(anonymous_1)","decl":{"start":{"line":7,"column":19},"end":{"line":7,"column":20}},"loc":{"start":{"line":7,"column":30},"end":{"line":7,"column":70}},"line":7},"2":{"name":"(anonymous_2)","decl":{"start":{"line":9,"column":20},"end":{"line":9,"column":21}},"loc":{"start":{"line":9,"column":37},"end":{"line":16,"column":1}},"line":9},"3":{"name":"(anonymous_3)","decl":{"start":{"line":14,"column":29},"end":{"line":14,"column":30}},"loc":{"start":{"line":14,"column":47},"end":{"line":14,"column":114}},"line":14},"4":{"name":"(anonymous_4)","decl":{"start":{"line":18,"column":16},"end":{"line":18,"column":17}},"loc":{"start":{"line":18,"column":26},"end":{"line":43,"column":1}},"line":18},"5":{"name":"(anonymous_5)","decl":{"start":{"line":19,"column":15},"end":{"line":19,"column":16}},"loc":{"start":{"line":19,"column":39},"end":{"line":41,"column":3}},"line":19},"6":{"name":"(anonymous_6)","decl":{"start":{"line":20,"column":31},"end":{"line":20,"column":32}},"loc":{"start":{"line":20,"column":41},"end":{"line":38,"column":5}},"line":20}},"branchMap":{"0":{"loc":{"start":{"line":10,"column":2},"end":{"line":12,"column":3}},"type":"if","locations":[{"start":{"line":10,"column":2},"end":{"line":12,"column":3}},{"start":{},"end":{}}],"line":10},"1":{"loc":{"start":{"line":19,"column":25},"end":{"line":19,"column":34}},"type":"default-arg","locations":[{"start":{"line":19,"column":33},"end":{"line":19,"column":34}}],"line":19},"2":{"loc":{"start":{"line":23,"column":6},"end":{"line":25,"column":7}},"type":"if","locations":[{"start":{"line":23,"column":6},"end":{"line":25,"column":7}},{"start":{},"end":{}}],"line":23},"3":{"loc":{"start":{"line":26,"column":6},"end":{"line":28,"column":7}},"type":"if","locations":[{"start":{"line":26,"column":6},"end":{"line":28,"column":7}},{"start":{},"end":{}}],"line":26},"4":{"loc":{"start":{"line":29,"column":6},"end":{"line":31,"column":7}},"type":"if","locations":[{"start":{"line":29,"column":6},"end":{"line":31,"column":7}},{"start":{},"end":{}}],"line":29},"5":{"loc":{"start":{"line":32,"column":6},"end":{"line":36,"column":7}},"type":"if","locations":[{"start":{"line":32,"column":6},"end":{"line":36,"column":7}},{"start":{},"end":{}}],"line":32}},"s":{"0":1,"1":1,"2":1,"3":68,"4":1,"5":10,"6":1,"7":54,"8":40,"9":14,"10":14,"11":18,"12":14,"13":1,"14":2,"15":10,"16":36,"17":36,"18":36,"19":4,"20":32,"21":10,"22":22,"23":8,"24":14,"25":8,"26":8,"27":8,"28":6,"29":10,"30":10,"31":2},"f":{"0":68,"1":10,"2":54,"3":18,"4":2,"5":10,"6":36},"b":{"0":[40,14],"1":[2],"2":[4,32],"3":[10,22],"4":[8,14],"5":[8,6]},"_coverageSchema":"1a1c01bbd47fc00a2c39e90264f33305004495a9","hash":"2169d496e5325e4decb1839d232a9c906d646281"}
}
