TN:
SF:src/findDiff.js
FN:3,(anonymous_0)
FN:6,(anonymous_1)
FNF:2
FNH:2
FNDA:20,(anonymous_0)
FNDA:72,(anonymous_1)
DA:3,1
DA:4,20
DA:6,20
DA:7,72
DA:8,72
DA:10,72
DA:11,20
DA:13,52
DA:14,8
DA:16,44
DA:17,16
DA:20,28
DA:21,16
DA:28,12
DA:31,20
LF:15
LH:15
BRDA:10,0,0,20
BRDA:10,0,1,52
BRDA:13,1,0,8
BRDA:13,1,1,44
BRDA:16,2,0,16
BRDA:16,2,1,28
BRDA:16,3,0,44
BRDA:16,3,1,20
BRDA:20,4,0,16
BRDA:20,4,1,12
BRF:10
BRH:10
end_of_record
TN:
SF:src/gendiff1.js
FN:7,(anonymous_0)
FN:8,(anonymous_1)
FN:10,(anonymous_2)
FNF:3
FNH:3
FNDA:8,(anonymous_0)
FNDA:8,(anonymous_1)
FNDA:4,(anonymous_2)
DA:7,8
DA:8,8
DA:10,1
DA:11,4
DA:12,4
DA:13,4
DA:14,4
DA:15,4
DA:16,4
DA:17,4
LF:10
LH:10
BRDA:10,0,0,2
BRF:1
BRH:1
end_of_record
TN:
SF:src/parse.js
FN:3,(anonymous_0)
FNF:1
FNH:1
FNDA:8,(anonymous_0)
DA:3,1
DA:4,8
DA:6,2
DA:9,6
DA:10,0
LF:5
LH:4
BRDA:4,0,0,2
BRDA:4,0,1,6
BRDA:4,0,2,6
BRDA:4,0,3,0
BRF:4
BRH:3
end_of_record
TN:
SF:src/formatters/index.js
FN:6,(anonymous_0)
FNF:1
FNH:1
FNDA:4,(anonymous_0)
DA:5,1
DA:6,1
DA:7,4
DA:8,4
DA:10,0
LF:5
LH:4
BRDA:7,0,0,4
BRDA:7,0,1,0
BRF:2
BRH:1
end_of_record
TN:
SF:src/formatters/json.js
FN:1,(anonymous_0)
FNF:1
FNH:1
FNDA:1,(anonymous_0)
DA:1,1
LF:1
LH:1
BRF:0
BRH:0
end_of_record
TN:
SF:src/formatters/plain.js
FN:3,(anonymous_0)
FN:10,(anonymous_1)
FN:11,(anonymous_2)
FNF:3
FNH:3
FNDA:13,(anonymous_0)
FNDA:5,(anonymous_1)
FNDA:18,(anonymous_2)
DA:3,1
DA:4,13
DA:5,3
DA:7,10
DA:10,1
DA:11,5
DA:12,18
DA:13,18
DA:15,5
DA:19,4
DA:21,2
DA:23,4
DA:25,3
DA:27,0
DA:31,5
LF:15
LH:14
BRDA:4,0,0,3
BRDA:4,0,1,10
BRDA:7,1,0,7
BRDA:7,1,1,3
BRDA:10,2,0,1
BRDA:13,3,0,5
BRDA:13,3,1,4
BRDA:13,3,2,2
BRDA:13,3,3,4
BRDA:13,3,4,3
BRDA:13,3,5,0
BRF:11
BRH:10
end_of_record
TN:
SF:src/formatters/stylish.js
FN:6,(anonymous_0)
FN:7,(anonymous_1)
FN:9,(anonymous_2)
FN:14,(anonymous_3)
FN:18,(anonymous_4)
FN:19,(anonymous_5)
FN:20,(anonymous_6)
FNF:7
FNH:7
FNDA:68,(anonymous_0)
FNDA:10,(anonymous_1)
FNDA:54,(anonymous_2)
FNDA:18,(anonymous_3)
FNDA:2,(anonymous_4)
FNDA:10,(anonymous_5)
FNDA:36,(anonymous_6)
DA:3,1
DA:4,1
DA:6,68
DA:7,10
DA:9,1
DA:10,54
DA:11,40
DA:13,14
DA:14,18
DA:15,14
DA:18,1
DA:19,2
DA:20,10
DA:21,36
DA:22,36
DA:23,36
DA:24,4
DA:26,32
DA:27,10
DA:29,22
DA:30,8
DA:32,14
DA:33,8
DA:34,8
DA:35,8
DA:37,6
DA:39,10
DA:40,10
DA:42,2
LF:29
LH:29
BRDA:10,0,0,40
BRDA:10,0,1,14
BRDA:19,1,0,2
BRDA:23,2,0,4
BRDA:23,2,1,32
BRDA:26,3,0,10
BRDA:26,3,1,22
BRDA:29,4,0,8
BRDA:29,4,1,14
BRDA:32,5,0,8
BRDA:32,5,1,6
BRF:11
BRH:11
end_of_record
